2014-12-24 22:33:02  [ main:0 ] - [ INFO ] [com.mchange.v2.log.MLog] MLog clients using log4j logging.
2014-12-24 22:33:02  [ main:172 ] - [ INFO ] [com.mchange.v2.c3p0.C3P0Registry] Initializing c3p0-0.9.0 [built 11-July-2005 00:43:29 -0400; debug? true; trace: 10]
2014-12-24 22:33:05  [ main:3885 ] - [ INFO ] [com.mchange.v2.c3p0.PoolBackedDataSource] Initializing c3p0 pool... com.mchange.v2.c3p0.ComboPooledDataSource@12adac5[ acquireIncrement -> 3, acquireRetryAttempts -> 30, acquireRetryDelay -> 1000, autoCommitOnClose -> false, automaticTestTable -> null, breakAfterAcquireFailure -> false, checkoutTimeout -> 25000, connectionTesterClassName -> com.mchange.v2.c3p0.impl.DefaultConnectionTester, description -> null, driverClass -> com.mysql.jdbc.Driver, factoryClassLocation -> null, forceIgnoreUnresolvedTransactions -> false, identityToken -> 12adac5, idleConnectionTestPeriod -> 90, initialPoolSize -> 5, jdbcUrl -> jdbc:mysql://localhost:3306/traffic_police?characterEncoding=utf-8, loginTimeout -> 0, maxIdleTime -> 1200, maxPoolSize -> 100, maxStatements -> 0, maxStatementsPerConnection -> 0, minPoolSize -> 5, numHelperThreads -> 3, preferredTestQuery -> null, properties -> {user=******, password=******}, propertyCycle -> 300, testConnectionOnCheckin -> false, testConnectionOnCheckout -> false, usesTraditionalReflectiveProxies -> false ]
2014-12-24 22:33:09  [ main:7771 ] - [ INFO ] [com.opensymphony.xwork2.config.providers.XmlConfigurationProvider] Parsing configuration file [struts-default.xml]
2014-12-24 22:33:10  [ main:8122 ] - [ INFO ] [com.opensymphony.xwork2.config.providers.XmlConfigurationProvider] Parsing configuration file [struts-plugin.xml]
2014-12-24 22:33:10  [ main:8227 ] - [ INFO ] [com.opensymphony.xwork2.config.providers.XmlConfigurationProvider] Parsing configuration file [struts.xml]
2014-12-24 22:33:10  [ main:8240 ] - [ INFO ] [org.apache.struts2.config.BeanSelectionProvider] Choosing bean (spring) for (com.opensymphony.xwork2.ObjectFactory)
2014-12-24 22:33:10  [ main:8240 ] - [ INFO ] [org.apache.struts2.config.BeanSelectionProvider] Choosing bean (struts) for (com.opensymphony.xwork2.FileManager)
2014-12-24 22:33:10  [ main:8240 ] - [ INFO ] [org.apache.struts2.config.BeanSelectionProvider] Choosing bean (struts) for (com.opensymphony.xwork2.conversion.impl.XWorkConverter)
2014-12-24 22:33:10  [ main:8240 ] - [ INFO ] [org.apache.struts2.config.BeanSelectionProvider] Choosing bean (struts) for (com.opensymphony.xwork2.TextProvider)
2014-12-24 22:33:10  [ main:8241 ] - [ INFO ] [org.apache.struts2.config.BeanSelectionProvider] Choosing bean (struts) for (com.opensymphony.xwork2.ActionProxyFactory)
2014-12-24 22:33:10  [ main:8241 ] - [ INFO ] [org.apache.struts2.config.BeanSelectionProvider] Choosing bean (struts) for (com.opensymphony.xwork2.conversion.ObjectTypeDeterminer)
2014-12-24 22:33:10  [ main:8241 ] - [ INFO ] [org.apache.struts2.config.BeanSelectionProvider] Choosing bean (struts) for (org.apache.struts2.dispatcher.mapper.ActionMapper)
2014-12-24 22:33:10  [ main:8241 ] - [ INFO ] [org.apache.struts2.config.BeanSelectionProvider] Choosing bean (jakarta) for (org.apache.struts2.dispatcher.multipart.MultiPartRequest)
2014-12-24 22:33:10  [ main:8241 ] - [ INFO ] [org.apache.struts2.config.BeanSelectionProvider] Choosing bean (struts) for (org.apache.struts2.views.freemarker.FreemarkerManager)
2014-12-24 22:33:10  [ main:8252 ] - [ INFO ] [org.apache.struts2.config.BeanSelectionProvider] Choosing bean (struts) for (org.apache.struts2.components.UrlRenderer)
2014-12-24 22:33:10  [ main:8252 ] - [ INFO ] [org.apache.struts2.config.BeanSelectionProvider] Choosing bean (struts) for (com.opensymphony.xwork2.validator.ActionValidatorManager)
2014-12-24 22:33:10  [ main:8252 ] - [ INFO ] [org.apache.struts2.config.BeanSelectionProvider] Choosing bean (struts) for (com.opensymphony.xwork2.util.ValueStackFactory)
2014-12-24 22:33:10  [ main:8252 ] - [ INFO ] [org.apache.struts2.config.BeanSelectionProvider] Choosing bean (struts) for (com.opensymphony.xwork2.util.reflection.ReflectionProvider)
2014-12-24 22:33:10  [ main:8252 ] - [ INFO ] [org.apache.struts2.config.BeanSelectionProvider] Choosing bean (struts) for (com.opensymphony.xwork2.util.reflection.ReflectionContextFactory)
2014-12-24 22:33:10  [ main:8252 ] - [ INFO ] [org.apache.struts2.config.BeanSelectionProvider] Choosing bean (struts) for (com.opensymphony.xwork2.util.PatternMatcher)
2014-12-24 22:33:10  [ main:8252 ] - [ INFO ] [org.apache.struts2.config.BeanSelectionProvider] Choosing bean (struts) for (org.apache.struts2.dispatcher.StaticContentLoader)
2014-12-24 22:33:10  [ main:8253 ] - [ INFO ] [org.apache.struts2.config.BeanSelectionProvider] Choosing bean (struts) for (com.opensymphony.xwork2.UnknownHandlerManager)
2014-12-24 22:33:10  [ main:8253 ] - [ INFO ] [org.apache.struts2.config.BeanSelectionProvider] Choosing bean (struts) for (org.apache.struts2.views.util.UrlHelper)
2014-12-24 22:33:10  [ main:8253 ] - [ INFO ] [com.opensymphony.xwork2.config.impl.DefaultConfiguration] Overriding property struts.i18n.reload - old value: false new value: true
2014-12-24 22:33:10  [ main:8292 ] - [ INFO ] [org.apache.struts2.spring.StrutsSpringObjectFactory] Initializing Struts-Spring integration...
2014-12-24 22:33:10  [ main:8292 ] - [ INFO ] [com.opensymphony.xwork2.spring.SpringObjectFactory] Setting autowire strategy to name
2014-12-24 22:33:10  [ main:8292 ] - [ INFO ] [org.apache.struts2.spring.StrutsSpringObjectFactory] ... initialized Struts-Spring integration successfully
2014-12-24 22:33:11  [ main:9658 ] - [ WARN ] [com.opensymphony.xwork2.config.providers.XmlConfigurationProvider] no default parameter defined for result of type json
2014-12-24 22:33:11  [ main:9659 ] - [ WARN ] [com.opensymphony.xwork2.config.providers.XmlConfigurationProvider] no default parameter defined for result of type json
2014-12-24 22:34:20  [ http-8080-1:78245 ] - [ INFO ] [com.web.action.base.BaseAction] do index view...
2014-12-24 22:34:20  [ http-8080-1:78613 ] - [ DEBUG ] [java.sql.Connection] ooo Using Connection [com.mchange.v2.c3p0.impl.NewProxyConnection@1eeb67c]
2014-12-24 22:34:20  [ http-8080-1:78625 ] - [ DEBUG ] [java.sql.Connection] ==>  Preparing: select * from tp_rule_info where state = 1 order by id desc 
2014-12-24 22:34:20  [ http-8080-1:78685 ] - [ DEBUG ] [java.sql.PreparedStatement] ==> Parameters: 
2014-12-24 22:34:21  [ http-8080-1:79582 ] - [ DEBUG ] [java.sql.Connection] ooo Using Connection [com.mchange.v2.c3p0.impl.NewProxyConnection@19ddf4e]
2014-12-24 22:34:21  [ http-8080-1:79583 ] - [ DEBUG ] [java.sql.Connection] ==>  Preparing: select * from tp_basic_driver d left join tp_basic_company c2 on (d.dwid = c2.comid and c2.state = 1) where d.state = 1 order by d.id desc limit 0,20 
2014-12-24 22:34:21  [ http-8080-1:79583 ] - [ DEBUG ] [java.sql.PreparedStatement] ==> Parameters: 
2014-12-24 22:34:22  [ http-8080-1:80024 ] - [ DEBUG ] [java.sql.Connection] ooo Using Connection [com.mchange.v2.c3p0.impl.NewProxyConnection@1f478bf]
2014-12-24 22:34:22  [ http-8080-1:80025 ] - [ DEBUG ] [java.sql.Connection] ==>  Preparing: select * from tp_rule_illegal where state = 1 order by illegal_insert_time desc limit 0,20 
2014-12-24 22:34:22  [ http-8080-1:80026 ] - [ DEBUG ] [java.sql.PreparedStatement] ==> Parameters: 
2014-12-24 22:34:22  [ http-8080-1:80123 ] - [ DEBUG ] [java.sql.Connection] ooo Using Connection [com.mchange.v2.c3p0.impl.NewProxyConnection@dbc2b1]
2014-12-24 22:34:22  [ http-8080-1:80123 ] - [ DEBUG ] [java.sql.Connection] ==>  Preparing: select * from tp_edu_video where state = 1 order by video_release_time desc limit 0,1 
2014-12-24 22:34:22  [ http-8080-1:80123 ] - [ DEBUG ] [java.sql.PreparedStatement] ==> Parameters: 
2014-12-24 22:34:22  [ http-8080-1:80237 ] - [ DEBUG ] [java.sql.Connection] ooo Using Connection [com.mchange.v2.c3p0.impl.NewProxyConnection@c25fbd]
2014-12-24 22:34:22  [ http-8080-1:80237 ] - [ DEBUG ] [java.sql.Connection] ==>  Preparing: select * from tp_edu_video where state = 1 order by id desc 
2014-12-24 22:34:22  [ http-8080-1:80241 ] - [ DEBUG ] [java.sql.PreparedStatement] ==> Parameters: 
2014-12-24 22:34:22  [ http-8080-1:80274 ] - [ DEBUG ] [java.sql.Connection] ooo Using Connection [com.mchange.v2.c3p0.impl.NewProxyConnection@fb9e44]
2014-12-24 22:34:22  [ http-8080-1:80274 ] - [ DEBUG ] [java.sql.Connection] ==>  Preparing: select * from tp_basic_branch where state = 1 order by opertime desc limit 0,20 
2014-12-24 22:34:22  [ http-8080-1:80275 ] - [ DEBUG ] [java.sql.PreparedStatement] ==> Parameters: 
2014-12-24 22:34:22  [ http-8080-1:80364 ] - [ DEBUG ] [java.sql.Connection] ooo Using Connection [com.mchange.v2.c3p0.impl.NewProxyConnection@fa9be4]
2014-12-24 22:34:22  [ http-8080-1:80364 ] - [ DEBUG ] [java.sql.Connection] ==>  Preparing: select * from tp_traffic_notice where state = 1 and notice_type=2 order by notice_time desc limit 0,3 
2014-12-24 22:34:22  [ http-8080-1:80365 ] - [ DEBUG ] [java.sql.PreparedStatement] ==> Parameters: 
2014-12-24 22:34:22  [ http-8080-1:80553 ] - [ DEBUG ] [java.sql.Connection] ooo Using Connection [com.mchange.v2.c3p0.impl.NewProxyConnection@d26e27]
2014-12-24 22:34:22  [ http-8080-1:80553 ] - [ DEBUG ] [java.sql.Connection] ==>  Preparing: select * from tp_traffic_notice where state = 1 and notice_type = 1 order by notice_time desc limit 0,3 
2014-12-24 22:34:22  [ http-8080-1:80554 ] - [ DEBUG ] [java.sql.PreparedStatement] ==> Parameters: 
2014-12-24 22:34:22  [ http-8080-1:80560 ] - [ DEBUG ] [java.sql.Connection] ooo Using Connection [com.mchange.v2.c3p0.impl.NewProxyConnection@37c7f]
2014-12-24 22:34:22  [ http-8080-1:80560 ] - [ DEBUG ] [java.sql.Connection] ==>  Preparing: select q.qid,q.question,q.opertime,a.aid,a.answer,u.username from tp_interchange_question q left join tp_interchange_answer a on q.qid = a.qid left join tp_sys_user u on u.userno = q.operid where q.state=1 and a.state=1 order by q.opertime desc limit 0,4 
2014-12-24 22:34:22  [ http-8080-1:80560 ] - [ DEBUG ] [java.sql.PreparedStatement] ==> Parameters: 
2014-12-24 22:34:22  [ http-8080-1:80846 ] - [ DEBUG ] [java.sql.Connection] ooo Using Connection [com.mchange.v2.c3p0.impl.NewProxyConnection@8aa7f4]
2014-12-24 22:34:22  [ http-8080-1:80846 ] - [ DEBUG ] [java.sql.Connection] ==>  Preparing: select * from tp_micro_micromessage t where t.state=1 order by t.createtime desc limit 0,20 
2014-12-24 22:34:22  [ http-8080-1:80846 ] - [ DEBUG ] [java.sql.PreparedStatement] ==> Parameters: 
2014-12-24 22:34:23  [ http-8080-1:80942 ] - [ DEBUG ] [java.sql.Connection] ooo Using Connection [com.mchange.v2.c3p0.impl.NewProxyConnection@2d1ead]
2014-12-24 22:34:23  [ http-8080-1:80942 ] - [ DEBUG ] [java.sql.Connection] ==>  Preparing: select * from tp_basic_car c1 left join tp_basic_company c2 on (c1.comid = c2.comid and c2.state = 1) where c1.state = 1 order by c1.regtime desc limit 0,20 
2014-12-24 22:34:23  [ http-8080-1:80942 ] - [ DEBUG ] [java.sql.PreparedStatement] ==> Parameters: 
2014-12-24 22:34:23  [ http-8080-1:81067 ] - [ INFO ] [com.web.action.base.BaseAction] end index view...
2014-12-24 22:35:46  [ http-8080-3:164338 ] - [ DEBUG ] [java.sql.Connection] ooo Using Connection [com.mchange.v2.c3p0.impl.NewProxyConnection@b01c5]
2014-12-24 22:35:46  [ http-8080-3:164338 ] - [ DEBUG ] [java.sql.Connection] ==>  Preparing: select * from tp_sys_user where state = 1 and loginname = ? 
2014-12-24 22:35:46  [ http-8080-3:164339 ] - [ DEBUG ] [java.sql.PreparedStatement] ==> Parameters: admin(String)
2014-12-24 22:35:46  [ http-8080-3:164379 ] - [ DEBUG ] [java.sql.Connection] ooo Using Connection [com.mchange.v2.c3p0.impl.NewProxyConnection@b7b28b]
2014-12-24 22:35:46  [ http-8080-3:164379 ] - [ DEBUG ] [java.sql.Connection] ==>  Preparing: select p.* from tp_sys_roles_permission p left join tp_sys_user u on p.roleno = u.roleno where p.state = 1 and p.roleno = ? 
2014-12-24 22:35:46  [ http-8080-3:164380 ] - [ DEBUG ] [java.sql.PreparedStatement] ==> Parameters: 1(Long)
2014-12-24 22:35:46  [ http-8080-3:164499 ] - [ DEBUG ] [java.sql.Connection] ooo Using Connection [com.mchange.v2.c3p0.impl.NewProxyConnection@10eca1d]
2014-12-24 22:35:46  [ http-8080-3:164499 ] - [ DEBUG ] [java.sql.Connection] ==>  Preparing: select * from tp_sys_roles where state = 1 and roleno = ? 
2014-12-24 22:35:46  [ http-8080-3:164500 ] - [ DEBUG ] [java.sql.PreparedStatement] ==> Parameters: 1(Long)
2014-12-24 22:35:56  [ http-8080-2:174647 ] - [ DEBUG ] [java.sql.Connection] ooo Using Connection [com.mchange.v2.c3p0.impl.NewProxyConnection@17000ea]
2014-12-24 22:35:56  [ http-8080-2:174647 ] - [ DEBUG ] [java.sql.Connection] ==>  Preparing: select count(*) from config 
2014-12-24 22:35:56  [ http-8080-2:174648 ] - [ DEBUG ] [java.sql.PreparedStatement] ==> Parameters: 
2014-12-24 22:35:56  [ http-8080-2:174714 ] - [ DEBUG ] [java.sql.Connection] ooo Using Connection [com.mchange.v2.c3p0.impl.NewProxyConnection@1792cec]
2014-12-24 22:35:56  [ http-8080-2:174715 ] - [ DEBUG ] [java.sql.Connection] ==>  Preparing: select Id, siteName, keywords, address, code,telephone,telephoneSale, telephoneService,fax, email, homePage,qq1,qq2,msn1,msn2,addDateTime,updateTime , pdescription from config order by updateTime desc limit ? ,? 
2014-12-24 22:35:56  [ http-8080-2:174716 ] - [ DEBUG ] [java.sql.PreparedStatement] ==> Parameters: 0(Integer), 10(Integer)
2014-12-24 22:36:06  [ http-8080-3:184453 ] - [ DEBUG ] [java.sql.Connection] ooo Using Connection [com.mchange.v2.c3p0.impl.NewProxyConnection@411509]
2014-12-24 22:36:06  [ http-8080-3:184453 ] - [ DEBUG ] [java.sql.Connection] ==>  Preparing: select count(*) from tp_rule_info where state = 1 
2014-12-24 22:36:06  [ http-8080-3:184454 ] - [ DEBUG ] [java.sql.PreparedStatement] ==> Parameters: 
2014-12-24 22:36:06  [ http-8080-3:184456 ] - [ DEBUG ] [java.sql.Connection] ooo Using Connection [com.mchange.v2.c3p0.impl.NewProxyConnection@16c902b]
2014-12-24 22:36:06  [ http-8080-3:184456 ] - [ DEBUG ] [java.sql.Connection] ==>  Preparing: select * from tp_rule_info where state = 1 order by id desc limit ? ,? 
2014-12-24 22:36:06  [ http-8080-3:184456 ] - [ DEBUG ] [java.sql.PreparedStatement] ==> Parameters: 0(Integer), 10(Integer)
2014-12-24 22:36:29  [ http-8080-6:207686 ] - [ DEBUG ] [java.sql.Connection] ooo Using Connection [com.mchange.v2.c3p0.impl.NewProxyConnection@825918]
2014-12-24 22:36:29  [ http-8080-6:207687 ] - [ DEBUG ] [java.sql.Connection] ==>  Preparing: select * from tp_rule_info where id = ? 
2014-12-24 22:36:29  [ http-8080-6:207687 ] - [ DEBUG ] [java.sql.PreparedStatement] ==> Parameters: 10015(Integer)
2014-12-24 22:36:29  [ http-8080-6:207690 ] - [ DEBUG ] [java.sql.Connection] ooo Using Connection [com.mchange.v2.c3p0.impl.NewProxyConnection@a5d04b]
2014-12-24 22:36:29  [ http-8080-6:207690 ] - [ DEBUG ] [java.sql.Connection] ==>  Preparing: select r.*, u.username,u.userno from tp_rule_info r left join tp_sys_user u on r.operid = u.userno where r.id = ? 
2014-12-24 22:36:29  [ http-8080-6:207691 ] - [ DEBUG ] [java.sql.PreparedStatement] ==> Parameters: 10015(Integer)
2014-12-24 22:36:47  [ http-8080-6:225122 ] - [ DEBUG ] [java.sql.Connection] ooo Using Connection [com.mchange.v2.c3p0.impl.NewProxyConnection@91e0a8]
2014-12-24 22:36:47  [ http-8080-6:225122 ] - [ DEBUG ] [java.sql.Connection] ==>  Preparing: select count(*) from tp_edu_video where state = 1 
2014-12-24 22:36:47  [ http-8080-6:225122 ] - [ DEBUG ] [java.sql.PreparedStatement] ==> Parameters: 
2014-12-24 22:36:47  [ http-8080-6:225124 ] - [ DEBUG ] [java.sql.Connection] ooo Using Connection [com.mchange.v2.c3p0.impl.NewProxyConnection@d69f17]
2014-12-24 22:36:47  [ http-8080-6:225125 ] - [ DEBUG ] [java.sql.Connection] ==>  Preparing: select * from tp_edu_video where state = 1 order by id desc limit ? ,? 
2014-12-24 22:36:47  [ http-8080-6:225125 ] - [ DEBUG ] [java.sql.PreparedStatement] ==> Parameters: 0(Integer), 10(Integer)
2014-12-24 22:36:52  [ http-8080-6:230630 ] - [ DEBUG ] [java.sql.Connection] ooo Using Connection [com.mchange.v2.c3p0.impl.NewProxyConnection@5266e0]
2014-12-24 22:36:52  [ http-8080-6:230630 ] - [ DEBUG ] [java.sql.Connection] ==>  Preparing: select a.*,b.orgname as name from tp_basic_policeorg a left join tp_basic_policeorg b on a.pid = b.id where a.state = 1 order by a.id limit ?,? 
2014-12-24 22:36:52  [ http-8080-6:230630 ] - [ DEBUG ] [java.sql.PreparedStatement] ==> Parameters: 0(Integer), 100(Integer)
2014-12-24 22:36:52  [ http-8080-1:230839 ] - [ DEBUG ] [java.sql.Connection] ooo Using Connection [com.mchange.v2.c3p0.impl.NewProxyConnection@d1ae41]
2014-12-24 22:36:52  [ http-8080-1:230839 ] - [ DEBUG ] [java.sql.Connection] ==>  Preparing: select count(*) from tp_basic_policeorg where state = 1 and id = ? 
2014-12-24 22:36:52  [ http-8080-1:230840 ] - [ DEBUG ] [java.sql.PreparedStatement] ==> Parameters: 1(String)
2014-12-24 22:36:52  [ http-8080-1:230842 ] - [ DEBUG ] [java.sql.Connection] ooo Using Connection [com.mchange.v2.c3p0.impl.NewProxyConnection@fe5f5d]
2014-12-24 22:36:52  [ http-8080-1:230843 ] - [ DEBUG ] [java.sql.Connection] ==>  Preparing: select a.*,b.orgname as name from tp_basic_policeorg a left join tp_basic_policeorg b on a.pid = b.id where a.state = 1 and a.id = ? and a.id = ? order by a.id limit ?,? 
2014-12-24 22:36:52  [ http-8080-1:230843 ] - [ DEBUG ] [java.sql.PreparedStatement] ==> Parameters: 1(String), 1(String), 0(Integer), 10(Integer)
2014-12-24 22:36:55  [ http-8080-1:233619 ] - [ DEBUG ] [java.sql.Connection] ooo Using Connection [com.mchange.v2.c3p0.impl.NewProxyConnection@1b117fc]
2014-12-24 22:36:55  [ http-8080-1:233620 ] - [ DEBUG ] [java.sql.Connection] ==>  Preparing: select count(*) from ( SELECT p.*,org.orgname,a.areaname FROM tp_basic_police p left join tp_basic_policeorg org on p.orgid = org.id left join tp_basic_area a on p.areaid = a.areaid where p.state =1 and org.state =1 and a.state =1 order by opertime desc) t 
2014-12-24 22:36:55  [ http-8080-1:233620 ] - [ DEBUG ] [java.sql.PreparedStatement] ==> Parameters: 
2014-12-24 22:36:55  [ http-8080-1:233698 ] - [ DEBUG ] [java.sql.Connection] ooo Using Connection [com.mchange.v2.c3p0.impl.NewProxyConnection@1019bf1]
2014-12-24 22:36:55  [ http-8080-1:233698 ] - [ DEBUG ] [java.sql.Connection] ==>  Preparing: SELECT p.*,org.orgname,a.areaname,u.userno FROM tp_basic_police p left join tp_basic_policeorg org on p.orgid = org.id left join tp_basic_area a on p.areaid = a.areaid left join tp_sys_user u on p.id = u.dwno and u.state =1 and u.typeid=2 where p.state =1 and org.state =1 and a.state =1 order by opertime desc limit ?,? 
2014-12-24 22:36:55  [ http-8080-1:233699 ] - [ DEBUG ] [java.sql.PreparedStatement] ==> Parameters: 0(Integer), 10(Integer)
2014-12-24 22:36:59  [ http-8080-6:237198 ] - [ DEBUG ] [java.sql.Connection] ooo Using Connection [com.mchange.v2.c3p0.impl.NewProxyConnection@73cedb]
2014-12-24 22:36:59  [ http-8080-6:237198 ] - [ DEBUG ] [java.sql.Connection] ==>  Preparing: select count(*) from tp_basic_company bc left join tp_basic_porg_company oc on (bc.comid = oc.comid and oc.state = 1) left join tp_basic_policeorg po on (oc.orgid = po.id and po.state = 1) where bc.state = 1 order by bc.regtime desc 
2014-12-24 22:36:59  [ http-8080-6:237199 ] - [ DEBUG ] [java.sql.PreparedStatement] ==> Parameters: 
2014-12-24 22:36:59  [ http-8080-6:237231 ] - [ DEBUG ] [java.sql.Connection] ooo Using Connection [com.mchange.v2.c3p0.impl.NewProxyConnection@1196761]
2014-12-24 22:36:59  [ http-8080-6:237231 ] - [ DEBUG ] [java.sql.Connection] ==>  Preparing: select bc.*,po.orgname,cc.comname as companyname from tp_basic_company bc left join tp_basic_company cc on (bc.pid = cc.comid and cc.state = 1) left join tp_basic_porg_company oc on (bc.comid = oc.comid and oc.state = 1) left join tp_basic_policeorg po on (oc.orgid = po.id and po.state = 1) where bc.state = 1 order by bc.regtime desc limit ?,? 
2014-12-24 22:36:59  [ http-8080-6:237232 ] - [ DEBUG ] [java.sql.PreparedStatement] ==> Parameters: 0(Integer), 10(Integer)
2014-12-24 22:37:02  [ http-8080-3:239943 ] - [ DEBUG ] [java.sql.Connection] ooo Using Connection [com.mchange.v2.c3p0.impl.NewProxyConnection@5c100]
2014-12-24 22:37:02  [ http-8080-3:239943 ] - [ DEBUG ] [java.sql.Connection] ==>  Preparing: select count(*) from tp_basic_car bc left join tp_basic_company cp on (bc.comid = cp.comid and cp.state = 1) left join tp_basic_area ba on (bc.areaid = ba.areaid and ba.state = 1) where bc.state = 1 order by bc.regtime desc 
2014-12-24 22:37:02  [ http-8080-3:239944 ] - [ DEBUG ] [java.sql.PreparedStatement] ==> Parameters: 
2014-12-24 22:37:02  [ http-8080-3:239946 ] - [ DEBUG ] [java.sql.Connection] ooo Using Connection [com.mchange.v2.c3p0.impl.NewProxyConnection@17c371c]
2014-12-24 22:37:02  [ http-8080-3:239946 ] - [ DEBUG ] [java.sql.Connection] ==>  Preparing: select * from tp_basic_car bc left join tp_basic_company cp on (bc.comid = cp.comid and cp.state = 1) left join tp_basic_area ba on (bc.areaid = ba.areaid and ba.state = 1) where bc.state = 1 order by bc.regtime desc limit ?,? 
2014-12-24 22:37:02  [ http-8080-3:239947 ] - [ DEBUG ] [java.sql.PreparedStatement] ==> Parameters: 0(Integer), 10(Integer)
2014-12-24 22:37:05  [ http-8080-5:243330 ] - [ DEBUG ] [java.sql.Connection] ooo Using Connection [com.mchange.v2.c3p0.impl.NewProxyConnection@1cebe2a]
2014-12-24 22:37:05  [ http-8080-5:243331 ] - [ DEBUG ] [java.sql.Connection] ==>  Preparing: select count(*) from tp_basic_car bc left join tp_basic_company cp on (bc.comid = cp.comid and cp.state = 1) left join tp_basic_area ba on (bc.areaid = ba.areaid and ba.state = 1) where bc.state = 1 order by bc.regtime desc 
2014-12-24 22:37:05  [ http-8080-5:243331 ] - [ DEBUG ] [java.sql.PreparedStatement] ==> Parameters: 
2014-12-24 22:37:05  [ http-8080-5:243333 ] - [ DEBUG ] [java.sql.Connection] ooo Using Connection [com.mchange.v2.c3p0.impl.NewProxyConnection@7b01cb]
2014-12-24 22:37:05  [ http-8080-5:243336 ] - [ DEBUG ] [java.sql.Connection] ==>  Preparing: select * from tp_basic_car bc left join tp_basic_company cp on (bc.comid = cp.comid and cp.state = 1) left join tp_basic_area ba on (bc.areaid = ba.areaid and ba.state = 1) where bc.state = 1 order by bc.regtime desc limit ?,? 
2014-12-24 22:37:05  [ http-8080-5:243336 ] - [ DEBUG ] [java.sql.PreparedStatement] ==> Parameters: 10(Integer), 10(Integer)
2014-12-24 22:37:08  [ http-8080-2:246658 ] - [ DEBUG ] [java.sql.Connection] ooo Using Connection [com.mchange.v2.c3p0.impl.NewProxyConnection@10c8f91]
2014-12-24 22:37:08  [ http-8080-2:246658 ] - [ DEBUG ] [java.sql.Connection] ==>  Preparing: select * from tp_basic_car bc left join tp_basic_company cp on (bc.comid = cp.comid and cp.state = 1) left join tp_basic_area ba on (bc.areaid = ba.areaid and ba.state = 1) where bc.state = 1 and bc.carid = ? 
2014-12-24 22:37:08  [ http-8080-2:246659 ] - [ DEBUG ] [java.sql.PreparedStatement] ==> Parameters: 1(Integer)
2014-12-24 22:37:08  [ http-8080-2:246666 ] - [ DEBUG ] [java.sql.Connection] ooo Using Connection [com.mchange.v2.c3p0.impl.NewProxyConnection@f164ae]
2014-12-24 22:37:08  [ http-8080-2:246667 ] - [ DEBUG ] [java.sql.Connection] ==>  Preparing: select i.*, u.username,u.userno from tp_basic_car i left join tp_sys_user u on i.operid = u.userno where i.carid = ? 
2014-12-24 22:37:08  [ http-8080-2:246667 ] - [ DEBUG ] [java.sql.PreparedStatement] ==> Parameters: 1(Integer)
2014-12-24 22:37:19  [ http-8080-2:257708 ] - [ DEBUG ] [java.sql.Connection] ooo Using Connection [com.mchange.v2.c3p0.impl.NewProxyConnection@1f4eccd]
2014-12-24 22:37:19  [ http-8080-2:257708 ] - [ DEBUG ] [java.sql.Connection] ==>  Preparing: select u.*,r.rolename,c.comname,d.name,p.name as policename from tp_sys_user u left join tp_sys_roles r on u.roleno = r.roleno left join tp_basic_company c on u.dwno = c.comid left join tp_basic_driver d on u.username = d.id left join tp_basic_police p on u.username = p.id where u.state = 1 and username= ? 
2014-12-24 22:37:19  [ http-8080-2:257708 ] - [ DEBUG ] [java.sql.PreparedStatement] ==> Parameters: 0(Integer)
2014-12-24 22:37:23  [ http-8080-6:261817 ] - [ DEBUG ] [java.sql.Connection] ooo Using Connection [com.mchange.v2.c3p0.impl.NewProxyConnection@1904247]
2014-12-24 22:37:23  [ http-8080-6:261817 ] - [ DEBUG ] [java.sql.Connection] ==>  Preparing: select count(*) from tp_basic_driver d left join tp_basic_company c on d.dwid = c.comid where d.state = 1 
2014-12-24 22:37:23  [ http-8080-6:261818 ] - [ DEBUG ] [java.sql.PreparedStatement] ==> Parameters: 
2014-12-24 22:37:23  [ http-8080-6:261820 ] - [ DEBUG ] [java.sql.Connection] ooo Using Connection [com.mchange.v2.c3p0.impl.NewProxyConnection@17e7ce2]
2014-12-24 22:37:23  [ http-8080-6:261820 ] - [ DEBUG ] [java.sql.Connection] ==>  Preparing: select * from tp_basic_driver d left join tp_basic_company c on d.dwid = c.comid where d.state = 1 order by d.id desc limit ?,? 
2014-12-24 22:37:23  [ http-8080-6:261822 ] - [ DEBUG ] [java.sql.PreparedStatement] ==> Parameters: 0(Integer), 10(Integer)
2014-12-24 22:37:39  [ http-8080-6:277472 ] - [ DEBUG ] [java.sql.Connection] ooo Using Connection [com.mchange.v2.c3p0.impl.NewProxyConnection@1d09368]
2014-12-24 22:37:39  [ http-8080-6:277472 ] - [ DEBUG ] [java.sql.Connection] ==>  Preparing: select count(*) from tp_rule_illegal where state = 1 
2014-12-24 22:37:39  [ http-8080-6:277473 ] - [ DEBUG ] [java.sql.PreparedStatement] ==> Parameters: 
2014-12-24 22:37:39  [ http-8080-6:277475 ] - [ DEBUG ] [java.sql.Connection] ooo Using Connection [com.mchange.v2.c3p0.impl.NewProxyConnection@a9d8e9]
2014-12-24 22:37:39  [ http-8080-6:277475 ] - [ DEBUG ] [java.sql.Connection] ==>  Preparing: select i.*,u.username,u.userno from tp_rule_illegal i left join tp_sys_user u on i.operid = u.userno where i.state = 1 and u.state=1 order by i.id desc limit ? ,? 
2014-12-24 22:37:39  [ http-8080-6:277476 ] - [ DEBUG ] [java.sql.PreparedStatement] ==> Parameters: 0(Integer), 10(Integer)
2014-12-24 22:37:43  [ http-8080-6:281611 ] - [ DEBUG ] [java.sql.Connection] ooo Using Connection [com.mchange.v2.c3p0.impl.NewProxyConnection@1ac21ef]
2014-12-24 22:37:43  [ http-8080-6:281611 ] - [ DEBUG ] [java.sql.Connection] ==>  Preparing: select count(*) from tp_basic_branch where state = 1 
2014-12-24 22:37:43  [ http-8080-6:281612 ] - [ DEBUG ] [java.sql.PreparedStatement] ==> Parameters: 
2014-12-24 22:37:43  [ http-8080-6:281614 ] - [ DEBUG ] [java.sql.Connection] ooo Using Connection [com.mchange.v2.c3p0.impl.NewProxyConnection@1c660b8]
2014-12-24 22:37:43  [ http-8080-6:281614 ] - [ DEBUG ] [java.sql.Connection] ==>  Preparing: select i.*, u.loginname,u.userno from tp_basic_branch i left join tp_sys_user u on i.operid = u.userno where i.state = 1 and u.state=1 order by i.id desc limit ?,? 
2014-12-24 22:37:43  [ http-8080-6:281615 ] - [ DEBUG ] [java.sql.PreparedStatement] ==> Parameters: 0(Integer), 10(Integer)
2014-12-24 22:37:49  [ http-8080-6:287089 ] - [ DEBUG ] [java.sql.Connection] ooo Using Connection [com.mchange.v2.c3p0.impl.NewProxyConnection@1a0aaa8]
2014-12-24 22:37:49  [ http-8080-6:287089 ] - [ DEBUG ] [java.sql.Connection] ==>  Preparing: select count(*) from( select * from tp_traffic_notice where state = 1 and notice_type = 1 order by regtime desc )t 
2014-12-24 22:37:49  [ http-8080-6:287090 ] - [ DEBUG ] [java.sql.PreparedStatement] ==> Parameters: 
2014-12-24 22:37:49  [ http-8080-6:287092 ] - [ DEBUG ] [java.sql.Connection] ooo Using Connection [com.mchange.v2.c3p0.impl.NewProxyConnection@5abda9]
2014-12-24 22:37:49  [ http-8080-6:287092 ] - [ DEBUG ] [java.sql.Connection] ==>  Preparing: select * from tp_traffic_notice where state = 1 and notice_type = 1 order by regtime desc limit ?,? 
2014-12-24 22:37:49  [ http-8080-6:287092 ] - [ DEBUG ] [java.sql.PreparedStatement] ==> Parameters: 0(Integer), 10(Integer)
2014-12-24 22:37:54  [ http-8080-6:292423 ] - [ DEBUG ] [java.sql.Connection] ooo Using Connection [com.mchange.v2.c3p0.impl.NewProxyConnection@106814e]
2014-12-24 22:37:54  [ http-8080-6:292423 ] - [ DEBUG ] [java.sql.Connection] ==>  Preparing: select count(*) from ( select * from tp_traffic_notice where state = 1 and notice_type = 2 order by regtime desc )t 
2014-12-24 22:37:54  [ http-8080-6:292424 ] - [ DEBUG ] [java.sql.PreparedStatement] ==> Parameters: 
2014-12-24 22:37:54  [ http-8080-6:292426 ] - [ DEBUG ] [java.sql.Connection] ooo Using Connection [com.mchange.v2.c3p0.impl.NewProxyConnection@721257]
2014-12-24 22:37:54  [ http-8080-6:292426 ] - [ DEBUG ] [java.sql.Connection] ==>  Preparing: select * from tp_traffic_notice where state = 1 and notice_type = 2 order by regtime desc limit ?,? 
2014-12-24 22:37:54  [ http-8080-6:292426 ] - [ DEBUG ] [java.sql.PreparedStatement] ==> Parameters: 0(Integer), 10(Integer)
2014-12-24 22:38:00  [ http-8080-6:298125 ] - [ DEBUG ] [java.sql.Connection] ooo Using Connection [com.mchange.v2.c3p0.impl.NewProxyConnection@907997]
2014-12-24 22:38:00  [ http-8080-6:298125 ] - [ DEBUG ] [java.sql.Connection] ==>  Preparing: select count(*) from tp_edu_video where state = 1 
2014-12-24 22:38:00  [ http-8080-6:298125 ] - [ DEBUG ] [java.sql.PreparedStatement] ==> Parameters: 
2014-12-24 22:38:00  [ http-8080-6:298127 ] - [ DEBUG ] [java.sql.Connection] ooo Using Connection [com.mchange.v2.c3p0.impl.NewProxyConnection@5ae77]
2014-12-24 22:38:00  [ http-8080-6:298127 ] - [ DEBUG ] [java.sql.Connection] ==>  Preparing: select * from tp_edu_video where state = 1 order by id desc limit ? ,? 
2014-12-24 22:38:00  [ http-8080-6:298127 ] - [ DEBUG ] [java.sql.PreparedStatement] ==> Parameters: 0(Integer), 10(Integer)
2014-12-24 22:44:12  [ http-8080-6:670323 ] - [ DEBUG ] [java.sql.Connection] ooo Using Connection [com.mchange.v2.c3p0.impl.NewProxyConnection@1622a3d]
2014-12-24 22:44:12  [ http-8080-6:670324 ] - [ DEBUG ] [java.sql.Connection] ==>  Preparing: select count(*) from tp_edu_video where state = 1 
2014-12-24 22:44:12  [ http-8080-6:670326 ] - [ DEBUG ] [java.sql.PreparedStatement] ==> Parameters: 
2014-12-24 22:44:59  [ http-8080-6:717382 ] - [ DEBUG ] [java.sql.Connection] ooo Using Connection [com.mchange.v2.c3p0.impl.NewProxyConnection@1b21f5c]
2014-12-24 22:44:59  [ http-8080-6:717384 ] - [ DEBUG ] [java.sql.Connection] ==>  Preparing: select * from tp_edu_video where state = 1 order by id desc limit ? ,? 
2014-12-24 22:44:59  [ http-8080-6:717387 ] - [ DEBUG ] [java.sql.PreparedStatement] ==> Parameters: 0(Integer), 10(Integer)
2014-12-24 22:52:15  [ http-8080-1:1152933 ] - [ DEBUG ] [java.sql.Connection] ooo Using Connection [com.mchange.v2.c3p0.impl.NewProxyConnection@644df6]
2014-12-24 22:52:15  [ http-8080-1:1152933 ] - [ DEBUG ] [java.sql.Connection] ==>  Preparing: select distinct r.dwid,c.comname from tp_reprimand r left join tp_basic_company c on r.dwid = c.comid where r.state = 1 and r.type = 1 
2014-12-24 22:52:15  [ http-8080-1:1152933 ] - [ DEBUG ] [java.sql.PreparedStatement] ==> Parameters: 
2014-12-24 22:52:15  [ http-8080-1:1153029 ] - [ DEBUG ] [java.sql.Connection] ooo Using Connection [com.mchange.v2.c3p0.impl.NewProxyConnection@bce5be]
2014-12-24 22:52:15  [ http-8080-1:1153030 ] - [ DEBUG ] [java.sql.Connection] ==>  Preparing: select count(*) from tp_reprimand where state = 1 and type = ? 
2014-12-24 22:52:15  [ http-8080-1:1153030 ] - [ DEBUG ] [java.sql.PreparedStatement] ==> Parameters: 1(Integer)
2014-12-24 22:52:15  [ http-8080-1:1153036 ] - [ DEBUG ] [java.sql.Connection] ooo Using Connection [com.mchange.v2.c3p0.impl.NewProxyConnection@7f52b8]
2014-12-24 22:52:15  [ http-8080-1:1153036 ] - [ DEBUG ] [java.sql.Connection] ==>  Preparing: select r.*,c.comname,d.name from tp_reprimand r left join tp_basic_company c on r.dwid = c.comid left join tp_basic_driver d on r.driverid = d.id where r.state = 1 and r.type = ? order by id desc limit ?,? 
2014-12-24 22:52:15  [ http-8080-1:1153045 ] - [ DEBUG ] [java.sql.PreparedStatement] ==> Parameters: 1(Integer), 0(Integer), 10(Integer)
2014-12-24 22:52:22  [ http-8080-1:1160428 ] - [ DEBUG ] [java.sql.Connection] ooo Using Connection [com.mchange.v2.c3p0.impl.NewProxyConnection@1618d19]
2014-12-24 22:52:22  [ http-8080-1:1160429 ] - [ DEBUG ] [java.sql.Connection] ==>  Preparing: select count(*) from tp_interchange_question where 1=1 
2014-12-24 22:52:22  [ http-8080-1:1160429 ] - [ DEBUG ] [java.sql.PreparedStatement] ==> Parameters: 
2014-12-24 22:52:22  [ http-8080-1:1160431 ] - [ DEBUG ] [java.sql.Connection] ooo Using Connection [com.mchange.v2.c3p0.impl.NewProxyConnection@1d24886]
2014-12-24 22:52:22  [ http-8080-1:1160432 ] - [ DEBUG ] [java.sql.Connection] ==>  Preparing: select q.*,u.username from tp_interchange_question q left join tp_sys_user u on q.operid = u.userno where q.state =1 and u.state =1 order by opertime desc limit ? ,? 
2014-12-24 22:52:22  [ http-8080-1:1160432 ] - [ DEBUG ] [java.sql.PreparedStatement] ==> Parameters: 0(Integer), 10(Integer)
2014-12-24 22:52:29  [ http-8080-1:1167315 ] - [ DEBUG ] [java.sql.Connection] ooo Using Connection [com.mchange.v2.c3p0.impl.NewProxyConnection@1b857e2]
2014-12-24 22:52:29  [ http-8080-1:1167315 ] - [ DEBUG ] [java.sql.Connection] ==>  Preparing: select count(*) from tp_interchange_question where 1=1 
2014-12-24 22:52:29  [ http-8080-1:1167315 ] - [ DEBUG ] [java.sql.PreparedStatement] ==> Parameters: 
2014-12-24 22:52:29  [ http-8080-1:1167317 ] - [ DEBUG ] [java.sql.Connection] ooo Using Connection [com.mchange.v2.c3p0.impl.NewProxyConnection@fb6861]
2014-12-24 22:52:29  [ http-8080-1:1167317 ] - [ DEBUG ] [java.sql.Connection] ==>  Preparing: select q.*,u.username from tp_interchange_question q left join tp_sys_user u on q.operid = u.userno where q.state =1 and u.state =1 order by opertime desc limit ? ,? 
2014-12-24 22:52:29  [ http-8080-1:1167317 ] - [ DEBUG ] [java.sql.PreparedStatement] ==> Parameters: 0(Integer), 10(Integer)
2014-12-24 22:52:44  [ http-8080-1:1182436 ] - [ DEBUG ] [java.sql.Connection] ooo Using Connection [com.mchange.v2.c3p0.impl.NewProxyConnection@1503682]
2014-12-24 22:52:44  [ http-8080-1:1182436 ] - [ DEBUG ] [java.sql.Connection] ==>  Preparing: select count(*) from tp_sys_permission where state = 1 
2014-12-24 22:52:44  [ http-8080-1:1182436 ] - [ DEBUG ] [java.sql.PreparedStatement] ==> Parameters: 
2014-12-24 22:52:44  [ http-8080-1:1182577 ] - [ DEBUG ] [java.sql.Connection] ooo Using Connection [com.mchange.v2.c3p0.impl.NewProxyConnection@8f1cbc]
2014-12-24 22:52:44  [ http-8080-1:1182577 ] - [ DEBUG ] [java.sql.Connection] ==>  Preparing: select * from tp_sys_permission where state = 1 order by perno desc limit ?,? 
2014-12-24 22:52:44  [ http-8080-1:1182577 ] - [ DEBUG ] [java.sql.PreparedStatement] ==> Parameters: 0(Integer), 10(Integer)
2014-12-24 22:53:17  [ http-8080-1:1215476 ] - [ DEBUG ] [java.sql.Connection] ooo Using Connection [com.mchange.v2.c3p0.impl.NewProxyConnection@1470ee1]
2014-12-24 22:53:17  [ http-8080-1:1215476 ] - [ DEBUG ] [java.sql.Connection] ==>  Preparing: select count(*) from tp_sys_roles where state = 1 
2014-12-24 22:53:17  [ http-8080-1:1215476 ] - [ DEBUG ] [java.sql.PreparedStatement] ==> Parameters: 
2014-12-24 22:53:17  [ http-8080-1:1215479 ] - [ DEBUG ] [java.sql.Connection] ooo Using Connection [com.mchange.v2.c3p0.impl.NewProxyConnection@6090fa]
2014-12-24 22:53:17  [ http-8080-1:1215479 ] - [ DEBUG ] [java.sql.Connection] ==>  Preparing: select * from tp_sys_roles where state = 1 order by roleno desc limit ?,? 
2014-12-24 22:53:17  [ http-8080-1:1215479 ] - [ DEBUG ] [java.sql.PreparedStatement] ==> Parameters: 0(Integer), 10(Integer)
2014-12-24 22:53:21  [ http-8080-1:1219793 ] - [ DEBUG ] [java.sql.Connection] ooo Using Connection [com.mchange.v2.c3p0.impl.NewProxyConnection@1a6852a]
2014-12-24 22:53:21  [ http-8080-1:1219793 ] - [ DEBUG ] [java.sql.Connection] ==>  Preparing: select count(*) from tp_sys_user where state = 1 
2014-12-24 22:53:21  [ http-8080-1:1219793 ] - [ DEBUG ] [java.sql.PreparedStatement] ==> Parameters: 
2014-12-24 22:53:21  [ http-8080-1:1219795 ] - [ DEBUG ] [java.sql.Connection] ooo Using Connection [com.mchange.v2.c3p0.impl.NewProxyConnection@e82c72]
2014-12-24 22:53:21  [ http-8080-1:1219796 ] - [ DEBUG ] [java.sql.Connection] ==>  Preparing: select u.*,r.rolename,d.name,police.name as policename,c.comname from tp_sys_user u left join tp_basic_police police on u.username = police.id left join tp_sys_roles r on u.roleno = r.roleno left join tp_basic_company c on u.dwno = c.comid left join tp_basic_driver d on u.username = d.id where u.state = 1 order by u.typeid desc limit ?,? 
2014-12-24 22:53:21  [ http-8080-1:1219796 ] - [ DEBUG ] [java.sql.PreparedStatement] ==> Parameters: 0(Integer), 10(Integer)
2014-12-24 22:54:25  [ http-8080-1:1283649 ] - [ DEBUG ] [java.sql.Connection] ooo Using Connection [com.mchange.v2.c3p0.impl.NewProxyConnection@19cbf09]
2014-12-24 22:54:25  [ http-8080-1:1283649 ] - [ DEBUG ] [java.sql.Connection] ==>  Preparing: select * from tp_sys_user where state = 1 and loginname = ? 
2014-12-24 22:54:25  [ http-8080-1:1283650 ] - [ DEBUG ] [java.sql.PreparedStatement] ==> Parameters: test(String)
2014-12-24 22:54:39  [ http-8080-1:1297858 ] - [ DEBUG ] [java.sql.Connection] ooo Using Connection [com.mchange.v2.c3p0.impl.NewProxyConnection@cfc2e3]
2014-12-24 22:54:39  [ http-8080-1:1297858 ] - [ DEBUG ] [java.sql.Connection] ==>  Preparing: select * from tp_sys_user where state = 1 and loginname = ? 
2014-12-24 22:54:39  [ http-8080-1:1297858 ] - [ DEBUG ] [java.sql.PreparedStatement] ==> Parameters: test(String)
2014-12-24 22:54:53  [ http-8080-1:1311573 ] - [ DEBUG ] [java.sql.Connection] ooo Using Connection [com.mchange.v2.c3p0.impl.NewProxyConnection@8e567a]
2014-12-24 22:54:53  [ http-8080-1:1311573 ] - [ DEBUG ] [java.sql.Connection] ==>  Preparing: select * from tp_sys_user where state = 1 and loginname = ? 
2014-12-24 22:54:53  [ http-8080-1:1311573 ] - [ DEBUG ] [java.sql.PreparedStatement] ==> Parameters: gps(String)
2014-12-24 22:55:36  [ http-8080-1:1354655 ] - [ DEBUG ] [java.sql.Connection] ooo Using Connection [com.mchange.v2.c3p0.impl.NewProxyConnection@f5ca2e]
2014-12-24 22:55:36  [ http-8080-1:1354655 ] - [ DEBUG ] [java.sql.Connection] ==>  Preparing: select * from tp_sys_user where state = 1 and loginname = ? 
2014-12-24 22:55:36  [ http-8080-1:1354655 ] - [ DEBUG ] [java.sql.PreparedStatement] ==> Parameters: ³Â´ó(String)
2014-12-24 22:55:36  [ http-8080-1:1354660 ] - [ DEBUG ] [java.sql.Connection] ooo Using Connection [com.mchange.v2.c3p0.impl.NewProxyConnection@1ed7690]
2014-12-24 22:55:36  [ http-8080-1:1354661 ] - [ DEBUG ] [java.sql.Connection] ==>  Preparing: select p.* from tp_sys_roles_permission p left join tp_sys_user u on p.roleno = u.roleno where p.state = 1 and p.roleno = ? 
2014-12-24 22:55:36  [ http-8080-1:1354661 ] - [ DEBUG ] [java.sql.PreparedStatement] ==> Parameters: 62(Long)
2014-12-24 22:55:36  [ http-8080-1:1354663 ] - [ DEBUG ] [java.sql.Connection] ooo Using Connection [com.mchange.v2.c3p0.impl.NewProxyConnection@16da92d]
2014-12-24 22:55:36  [ http-8080-1:1354663 ] - [ DEBUG ] [java.sql.Connection] ==>  Preparing: select * from tp_sys_roles where state = 1 and roleno = ? 
2014-12-24 22:55:36  [ http-8080-1:1354663 ] - [ DEBUG ] [java.sql.PreparedStatement] ==> Parameters: 62(Long)
2014-12-24 22:56:05  [ http-8080-1:1383391 ] - [ DEBUG ] [java.sql.Connection] ooo Using Connection [com.mchange.v2.c3p0.impl.NewProxyConnection@3cc969]
2014-12-24 22:56:05  [ http-8080-1:1383391 ] - [ DEBUG ] [java.sql.Connection] ==>  Preparing: select count(*) from tp_edu_video where state = 1 
2014-12-24 22:56:05  [ http-8080-1:1383391 ] - [ DEBUG ] [java.sql.PreparedStatement] ==> Parameters: 
2014-12-24 22:56:05  [ http-8080-1:1383393 ] - [ DEBUG ] [java.sql.Connection] ooo Using Connection [com.mchange.v2.c3p0.impl.NewProxyConnection@1877a52]
2014-12-24 22:56:05  [ http-8080-1:1383393 ] - [ DEBUG ] [java.sql.Connection] ==>  Preparing: select * from tp_edu_video where state = 1 order by id desc limit ? ,? 
2014-12-24 22:56:05  [ http-8080-1:1383393 ] - [ DEBUG ] [java.sql.PreparedStatement] ==> Parameters: 0(Integer), 10(Integer)
2014-12-24 22:56:07  [ http-8080-1:1385068 ] - [ DEBUG ] [java.sql.Connection] ooo Using Connection [com.mchange.v2.c3p0.impl.NewProxyConnection@1f5e6b9]
2014-12-24 22:56:07  [ http-8080-1:1385068 ] - [ DEBUG ] [java.sql.Connection] ==>  Preparing: select count(*) from tp_rule_info where state = 1 
2014-12-24 22:56:07  [ http-8080-1:1385069 ] - [ DEBUG ] [java.sql.PreparedStatement] ==> Parameters: 
2014-12-24 22:56:07  [ http-8080-1:1385070 ] - [ DEBUG ] [java.sql.Connection] ooo Using Connection [com.mchange.v2.c3p0.impl.NewProxyConnection@1b1aeaa]
2014-12-24 22:56:07  [ http-8080-1:1385070 ] - [ DEBUG ] [java.sql.Connection] ==>  Preparing: select * from tp_rule_info where state = 1 order by id desc limit ? ,? 
2014-12-24 22:56:07  [ http-8080-1:1385071 ] - [ DEBUG ] [java.sql.PreparedStatement] ==> Parameters: 0(Integer), 10(Integer)
2014-12-24 22:56:31  [ http-8080-1:1409624 ] - [ DEBUG ] [java.sql.Connection] ooo Using Connection [com.mchange.v2.c3p0.impl.NewProxyConnection@1176093]
2014-12-24 22:56:31  [ http-8080-1:1409624 ] - [ DEBUG ] [java.sql.Connection] ==>  Preparing: select * from tp_sys_user where state = 1 and loginname = ? 
2014-12-24 22:56:31  [ http-8080-1:1409625 ] - [ DEBUG ] [java.sql.PreparedStatement] ==> Parameters: admin(String)
2014-12-24 22:56:41  [ http-8080-3:1419005 ] - [ DEBUG ] [java.sql.Connection] ooo Using Connection [com.mchange.v2.c3p0.impl.NewProxyConnection@1354e4e]
2014-12-24 22:56:41  [ http-8080-3:1419033 ] - [ DEBUG ] [java.sql.Connection] ==>  Preparing: select * from tp_sys_user where state = 1 and loginname = ? 
2014-12-24 22:56:41  [ http-8080-3:1419037 ] - [ DEBUG ] [java.sql.PreparedStatement] ==> Parameters: admin(String)
2014-12-24 22:56:41  [ http-8080-5:1419281 ] - [ DEBUG ] [java.sql.Connection] ooo Using Connection [com.mchange.v2.c3p0.impl.NewProxyConnection@19a42c8]
2014-12-24 22:56:41  [ http-8080-5:1419329 ] - [ DEBUG ] [java.sql.Connection] ==>  Preparing: select * from tp_sys_user where state = 1 and loginname = ? 
2014-12-24 22:56:41  [ http-8080-5:1419330 ] - [ DEBUG ] [java.sql.PreparedStatement] ==> Parameters: admin(String)
2014-12-24 22:56:41  [ http-8080-2:1419502 ] - [ DEBUG ] [java.sql.Connection] ooo Using Connection [com.mchange.v2.c3p0.impl.NewProxyConnection@12865cb]
2014-12-24 22:56:41  [ http-8080-2:1419503 ] - [ DEBUG ] [java.sql.Connection] ==>  Preparing: select * from tp_sys_user where state = 1 and loginname = ? 
2014-12-24 22:56:41  [ http-8080-2:1419504 ] - [ DEBUG ] [java.sql.PreparedStatement] ==> Parameters: admin(String)
2014-12-24 22:57:00  [ main:0 ] - [ INFO ] [com.mchange.v2.log.MLog] MLog clients using log4j logging.
2014-12-24 22:57:00  [ main:55 ] - [ INFO ] [com.mchange.v2.c3p0.C3P0Registry] Initializing c3p0-0.9.0 [built 11-July-2005 00:43:29 -0400; debug? true; trace: 10]
2014-12-24 22:57:02  [ main:2530 ] - [ INFO ] [com.mchange.v2.c3p0.PoolBackedDataSource] Initializing c3p0 pool... com.mchange.v2.c3p0.ComboPooledDataSource@190a284[ acquireIncrement -> 3, acquireRetryAttempts -> 30, acquireRetryDelay -> 1000, autoCommitOnClose -> false, automaticTestTable -> null, breakAfterAcquireFailure -> false, checkoutTimeout -> 25000, connectionTesterClassName -> com.mchange.v2.c3p0.impl.DefaultConnectionTester, description -> null, driverClass -> com.mysql.jdbc.Driver, factoryClassLocation -> null, forceIgnoreUnresolvedTransactions -> false, identityToken -> 190a284, idleConnectionTestPeriod -> 90, initialPoolSize -> 5, jdbcUrl -> jdbc:mysql://localhost:3306/traffic_police?characterEncoding=utf-8, loginTimeout -> 0, maxIdleTime -> 1200, maxPoolSize -> 100, maxStatements -> 0, maxStatementsPerConnection -> 0, minPoolSize -> 5, numHelperThreads -> 3, preferredTestQuery -> null, properties -> {user=******, password=******}, propertyCycle -> 300, testConnectionOnCheckin -> false, testConnectionOnCheckout -> false, usesTraditionalReflectiveProxies -> false ]
2014-12-24 22:57:04  [ main:4127 ] - [ INFO ] [com.opensymphony.xwork2.config.providers.XmlConfigurationProvider] Parsing configuration file [struts-default.xml]
2014-12-24 22:57:04  [ main:4404 ] - [ INFO ] [com.opensymphony.xwork2.config.providers.XmlConfigurationProvider] Parsing configuration file [struts-plugin.xml]
2014-12-24 22:57:04  [ main:4451 ] - [ INFO ] [com.opensymphony.xwork2.config.providers.XmlConfigurationProvider] Parsing configuration file [struts.xml]
2014-12-24 22:57:04  [ main:4465 ] - [ INFO ] [org.apache.struts2.config.BeanSelectionProvider] Choosing bean (spring) for (com.opensymphony.xwork2.ObjectFactory)
2014-12-24 22:57:04  [ main:4465 ] - [ INFO ] [org.apache.struts2.config.BeanSelectionProvider] Choosing bean (struts) for (com.opensymphony.xwork2.FileManager)
2014-12-24 22:57:04  [ main:4465 ] - [ INFO ] [org.apache.struts2.config.BeanSelectionProvider] Choosing bean (struts) for (com.opensymphony.xwork2.conversion.impl.XWorkConverter)
2014-12-24 22:57:04  [ main:4465 ] - [ INFO ] [org.apache.struts2.config.BeanSelectionProvider] Choosing bean (struts) for (com.opensymphony.xwork2.TextProvider)
2014-12-24 22:57:04  [ main:4466 ] - [ INFO ] [org.apache.struts2.config.BeanSelectionProvider] Choosing bean (struts) for (com.opensymphony.xwork2.ActionProxyFactory)
2014-12-24 22:57:04  [ main:4466 ] - [ INFO ] [org.apache.struts2.config.BeanSelectionProvider] Choosing bean (struts) for (com.opensymphony.xwork2.conversion.ObjectTypeDeterminer)
2014-12-24 22:57:04  [ main:4466 ] - [ INFO ] [org.apache.struts2.config.BeanSelectionProvider] Choosing bean (struts) for (org.apache.struts2.dispatcher.mapper.ActionMapper)
2014-12-24 22:57:04  [ main:4466 ] - [ INFO ] [org.apache.struts2.config.BeanSelectionProvider] Choosing bean (jakarta) for (org.apache.struts2.dispatcher.multipart.MultiPartRequest)
2014-12-24 22:57:04  [ main:4466 ] - [ INFO ] [org.apache.struts2.config.BeanSelectionProvider] Choosing bean (struts) for (org.apache.struts2.views.freemarker.FreemarkerManager)
2014-12-24 22:57:04  [ main:4474 ] - [ INFO ] [org.apache.struts2.config.BeanSelectionProvider] Choosing bean (struts) for (org.apache.struts2.components.UrlRenderer)
2014-12-24 22:57:04  [ main:4474 ] - [ INFO ] [org.apache.struts2.config.BeanSelectionProvider] Choosing bean (struts) for (com.opensymphony.xwork2.validator.ActionValidatorManager)
2014-12-24 22:57:04  [ main:4474 ] - [ INFO ] [org.apache.struts2.config.BeanSelectionProvider] Choosing bean (struts) for (com.opensymphony.xwork2.util.ValueStackFactory)
2014-12-24 22:57:04  [ main:4475 ] - [ INFO ] [org.apache.struts2.config.BeanSelectionProvider] Choosing bean (struts) for (com.opensymphony.xwork2.util.reflection.ReflectionProvider)
2014-12-24 22:57:04  [ main:4475 ] - [ INFO ] [org.apache.struts2.config.BeanSelectionProvider] Choosing bean (struts) for (com.opensymphony.xwork2.util.reflection.ReflectionContextFactory)
2014-12-24 22:57:04  [ main:4475 ] - [ INFO ] [org.apache.struts2.config.BeanSelectionProvider] Choosing bean (struts) for (com.opensymphony.xwork2.util.PatternMatcher)
2014-12-24 22:57:04  [ main:4475 ] - [ INFO ] [org.apache.struts2.config.BeanSelectionProvider] Choosing bean (struts) for (org.apache.struts2.dispatcher.StaticContentLoader)
2014-12-24 22:57:04  [ main:4475 ] - [ INFO ] [org.apache.struts2.config.BeanSelectionProvider] Choosing bean (struts) for (com.opensymphony.xwork2.UnknownHandlerManager)
2014-12-24 22:57:04  [ main:4475 ] - [ INFO ] [org.apache.struts2.config.BeanSelectionProvider] Choosing bean (struts) for (org.apache.struts2.views.util.UrlHelper)
2014-12-24 22:57:04  [ main:4475 ] - [ INFO ] [com.opensymphony.xwork2.config.impl.DefaultConfiguration] Overriding property struts.i18n.reload - old value: false new value: true
2014-12-24 22:57:04  [ main:4511 ] - [ INFO ] [org.apache.struts2.spring.StrutsSpringObjectFactory] Initializing Struts-Spring integration...
2014-12-24 22:57:04  [ main:4511 ] - [ INFO ] [com.opensymphony.xwork2.spring.SpringObjectFactory] Setting autowire strategy to name
2014-12-24 22:57:04  [ main:4511 ] - [ INFO ] [org.apache.struts2.spring.StrutsSpringObjectFactory] ... initialized Struts-Spring integration successfully
2014-12-24 22:57:05  [ main:5604 ] - [ WARN ] [com.opensymphony.xwork2.config.providers.XmlConfigurationProvider] no default parameter defined for result of type json
2014-12-24 22:57:05  [ main:5605 ] - [ WARN ] [com.opensymphony.xwork2.config.providers.XmlConfigurationProvider] no default parameter defined for result of type json
2014-12-24 22:57:07  [ http-8080-1:7664 ] - [ DEBUG ] [java.sql.Connection] ooo Using Connection [com.mchange.v2.c3p0.impl.NewProxyConnection@1daed02]
2014-12-24 22:57:07  [ http-8080-1:7673 ] - [ DEBUG ] [java.sql.Connection] ==>  Preparing: select * from tp_sys_user where state = 1 and loginname = ? 
2014-12-24 22:57:07  [ http-8080-1:7718 ] - [ DEBUG ] [java.sql.PreparedStatement] ==> Parameters: null
2014-12-24 22:57:20  [ http-8080-5:20734 ] - [ DEBUG ] [java.sql.Connection] ooo Using Connection [com.mchange.v2.c3p0.impl.NewProxyConnection@1c74323]
2014-12-24 22:57:20  [ http-8080-5:20735 ] - [ DEBUG ] [java.sql.Connection] ==>  Preparing: select * from tp_sys_user where state = 1 and loginname = ? 
2014-12-24 22:57:20  [ http-8080-5:20735 ] - [ DEBUG ] [java.sql.PreparedStatement] ==> Parameters: admin(String)
2014-12-24 22:59:10  [ main:0 ] - [ INFO ] [com.mchange.v2.log.MLog] MLog clients using log4j logging.
2014-12-24 22:59:10  [ main:64 ] - [ INFO ] [com.mchange.v2.c3p0.C3P0Registry] Initializing c3p0-0.9.0 [built 11-July-2005 00:43:29 -0400; debug? true; trace: 10]
2014-12-24 22:59:12  [ main:2158 ] - [ INFO ] [com.mchange.v2.c3p0.PoolBackedDataSource] Initializing c3p0 pool... com.mchange.v2.c3p0.ComboPooledDataSource@1e0c0b6[ acquireIncrement -> 3, acquireRetryAttempts -> 30, acquireRetryDelay -> 1000, autoCommitOnClose -> false, automaticTestTable -> null, breakAfterAcquireFailure -> false, checkoutTimeout -> 25000, connectionTesterClassName -> com.mchange.v2.c3p0.impl.DefaultConnectionTester, description -> null, driverClass -> com.mysql.jdbc.Driver, factoryClassLocation -> null, forceIgnoreUnresolvedTransactions -> false, identityToken -> 1e0c0b6, idleConnectionTestPeriod -> 90, initialPoolSize -> 5, jdbcUrl -> jdbc:mysql://localhost:3306/traffic_police?characterEncoding=utf-8, loginTimeout -> 0, maxIdleTime -> 1200, maxPoolSize -> 100, maxStatements -> 0, maxStatementsPerConnection -> 0, minPoolSize -> 5, numHelperThreads -> 3, preferredTestQuery -> null, properties -> {user=******, password=******}, propertyCycle -> 300, testConnectionOnCheckin -> false, testConnectionOnCheckout -> false, usesTraditionalReflectiveProxies -> false ]
2014-12-24 22:59:14  [ main:3811 ] - [ INFO ] [com.opensymphony.xwork2.config.providers.XmlConfigurationProvider] Parsing configuration file [struts-default.xml]
2014-12-24 22:59:14  [ main:4078 ] - [ INFO ] [com.opensymphony.xwork2.config.providers.XmlConfigurationProvider] Parsing configuration file [struts-plugin.xml]
2014-12-24 22:59:14  [ main:4124 ] - [ INFO ] [com.opensymphony.xwork2.config.providers.XmlConfigurationProvider] Parsing configuration file [struts.xml]
2014-12-24 22:59:14  [ main:4133 ] - [ INFO ] [org.apache.struts2.config.BeanSelectionProvider] Choosing bean (spring) for (com.opensymphony.xwork2.ObjectFactory)
2014-12-24 22:59:14  [ main:4134 ] - [ INFO ] [org.apache.struts2.config.BeanSelectionProvider] Choosing bean (struts) for (com.opensymphony.xwork2.FileManager)
2014-12-24 22:59:14  [ main:4134 ] - [ INFO ] [org.apache.struts2.config.BeanSelectionProvider] Choosing bean (struts) for (com.opensymphony.xwork2.conversion.impl.XWorkConverter)
2014-12-24 22:59:14  [ main:4134 ] - [ INFO ] [org.apache.struts2.config.BeanSelectionProvider] Choosing bean (struts) for (com.opensymphony.xwork2.TextProvider)
2014-12-24 22:59:14  [ main:4134 ] - [ INFO ] [org.apache.struts2.config.BeanSelectionProvider] Choosing bean (struts) for (com.opensymphony.xwork2.ActionProxyFactory)
2014-12-24 22:59:14  [ main:4134 ] - [ INFO ] [org.apache.struts2.config.BeanSelectionProvider] Choosing bean (struts) for (com.opensymphony.xwork2.conversion.ObjectTypeDeterminer)
2014-12-24 22:59:14  [ main:4134 ] - [ INFO ] [org.apache.struts2.config.BeanSelectionProvider] Choosing bean (struts) for (org.apache.struts2.dispatcher.mapper.ActionMapper)
2014-12-24 22:59:14  [ main:4134 ] - [ INFO ] [org.apache.struts2.config.BeanSelectionProvider] Choosing bean (jakarta) for (org.apache.struts2.dispatcher.multipart.MultiPartRequest)
2014-12-24 22:59:14  [ main:4134 ] - [ INFO ] [org.apache.struts2.config.BeanSelectionProvider] Choosing bean (struts) for (org.apache.struts2.views.freemarker.FreemarkerManager)
2014-12-24 22:59:14  [ main:4147 ] - [ INFO ] [org.apache.struts2.config.BeanSelectionProvider] Choosing bean (struts) for (org.apache.struts2.components.UrlRenderer)
2014-12-24 22:59:14  [ main:4147 ] - [ INFO ] [org.apache.struts2.config.BeanSelectionProvider] Choosing bean (struts) for (com.opensymphony.xwork2.validator.ActionValidatorManager)
2014-12-24 22:59:14  [ main:4147 ] - [ INFO ] [org.apache.struts2.config.BeanSelectionProvider] Choosing bean (struts) for (com.opensymphony.xwork2.util.ValueStackFactory)
2014-12-24 22:59:14  [ main:4148 ] - [ INFO ] [org.apache.struts2.config.BeanSelectionProvider] Choosing bean (struts) for (com.opensymphony.xwork2.util.reflection.ReflectionProvider)
2014-12-24 22:59:14  [ main:4148 ] - [ INFO ] [org.apache.struts2.config.BeanSelectionProvider] Choosing bean (struts) for (com.opensymphony.xwork2.util.reflection.ReflectionContextFactory)
2014-12-24 22:59:14  [ main:4148 ] - [ INFO ] [org.apache.struts2.config.BeanSelectionProvider] Choosing bean (struts) for (com.opensymphony.xwork2.util.PatternMatcher)
2014-12-24 22:59:14  [ main:4148 ] - [ INFO ] [org.apache.struts2.config.BeanSelectionProvider] Choosing bean (struts) for (org.apache.struts2.dispatcher.StaticContentLoader)
2014-12-24 22:59:14  [ main:4148 ] - [ INFO ] [org.apache.struts2.config.BeanSelectionProvider] Choosing bean (struts) for (com.opensymphony.xwork2.UnknownHandlerManager)
2014-12-24 22:59:14  [ main:4148 ] - [ INFO ] [org.apache.struts2.config.BeanSelectionProvider] Choosing bean (struts) for (org.apache.struts2.views.util.UrlHelper)
2014-12-24 22:59:14  [ main:4148 ] - [ INFO ] [com.opensymphony.xwork2.config.impl.DefaultConfiguration] Overriding property struts.i18n.reload - old value: false new value: true
2014-12-24 22:59:14  [ main:4204 ] - [ INFO ] [org.apache.struts2.spring.StrutsSpringObjectFactory] Initializing Struts-Spring integration...
2014-12-24 22:59:14  [ main:4204 ] - [ INFO ] [com.opensymphony.xwork2.spring.SpringObjectFactory] Setting autowire strategy to name
2014-12-24 22:59:14  [ main:4204 ] - [ INFO ] [org.apache.struts2.spring.StrutsSpringObjectFactory] ... initialized Struts-Spring integration successfully
2014-12-24 22:59:15  [ main:5334 ] - [ WARN ] [com.opensymphony.xwork2.config.providers.XmlConfigurationProvider] no default parameter defined for result of type json
2014-12-24 22:59:15  [ main:5335 ] - [ WARN ] [com.opensymphony.xwork2.config.providers.XmlConfigurationProvider] no default parameter defined for result of type json
2014-12-24 22:59:34  [ http-8080-1:23781 ] - [ DEBUG ] [java.sql.Connection] ooo Using Connection [com.mchange.v2.c3p0.impl.NewProxyConnection@243fd6]
2014-12-24 22:59:34  [ http-8080-1:23792 ] - [ DEBUG ] [java.sql.Connection] ==>  Preparing: select * from tp_sys_user where state = 1 and loginname = ? 
2014-12-24 22:59:34  [ http-8080-1:23841 ] - [ DEBUG ] [java.sql.PreparedStatement] ==> Parameters: admin(String)
